<?xml version="1.0" encoding="UTF-8"?>
<robot generator="Robot 7.1.1 (Python 3.12.7 on win32)" generated="2024-11-08T08:39:11.473511" rpa="false" schemaversion="5">
<suite id="s1" name="Memberships" source="I:\Programação\QAx\projects\robot-smartbit\tests\memberships.robot">
<test id="s1-t1" name="Não deve realizar adesão duplicado" line="21">
<kw name="Start Session" owner="Base" type="SETUP">
<kw name="New Browser" owner="Browser">
<msg time="2024-11-08T08:39:11.932479" level="INFO">{"browser": "chromium", "headless": false, "chromiumSandbox": false, "devtools": false, "handleSIGHUP": true, "handleSIGINT": true, "handleSIGTERM": true, "slowMo": 0.0, "timeout": 30000.0, "tracesDir": "I:\\Programa\u00e7\u00e3o\\QAx\\projects\\robot-smartbit\\logs\\browser\\traces\\3cca88c3-9fef-4dd9-b4ab-8cbfdff3176e"}</msg>
<msg time="2024-11-08T08:39:11.956066" level="INFO">Starting Browser process C:\Users\Marcílio Junio\AppData\Local\Programs\Python\Python312\Lib\site-packages\Browser\wrapper\index.js using port 56255</msg>
<msg time="2024-11-08T08:39:11.956066" level="INFO">Node startup parameters: ['node', 'C:\\Users\\Marcílio Junio\\AppData\\Local\\Programs\\Python\\Python312\\Lib\\site-packages\\Browser\\wrapper\\index.js', '56255']</msg>
<msg time="2024-11-08T08:39:13.247246" level="INFO">Successfully created browser with options: {"browser":"chromium","headless":false,"chromiumSandbox":false,"devtools":false,"handleSIGHUP":true,"handleSIGINT":true,"handleSIGTERM":true,"slowMo":0,"timeout":30000,"tracesDir":"I:\\Programação\\QAx\\projects\\robot-smartbit\\logs\\browser\\traces\\3cca88c3-9fef-4dd9-b4ab-8cbfdff3176e"}</msg>
<arg>browser=chromium</arg>
<arg>headless=false</arg>
<tag>BrowserControl</tag>
<tag>Setter</tag>
<doc>Create a new playwright Browser with specified options.</doc>
<status status="PASS" start="2024-11-08T08:39:11.932479" elapsed="1.314767"/>
</kw>
<kw name="New Page" owner="Browser">
<msg time="2024-11-08T08:39:13.858973" level="INFO">Successfully initialized new page object and opened url: http://localhost:3000/</msg>
<msg time="2024-11-08T08:39:13.858973" level="INFO">No context was open. New context was automatically opened when this page is created.</msg>
<arg>http://localhost:3000/</arg>
<tag>BrowserControl</tag>
<tag>Setter</tag>
<doc>Open a new Page.</doc>
<status status="PASS" start="2024-11-08T08:39:13.248251" elapsed="0.610722"/>
</kw>
<status status="PASS" start="2024-11-08T08:39:11.932479" elapsed="1.927495"/>
</kw>
<kw name="Get Json fixture" owner="Base">
<kw name="Load Json From File" owner="JSONLibrary">
<msg time="2024-11-08T08:39:13.859974" level="INFO">${data} = {'create': {'account': {'name': 'Paulo Cintura', 'email': 'paulo@cintura.com.br', 'cpf': '44346140025'}, 'plan': 'Plano Black', 'credit_card': {'number': '4242424242424242', 'holder': 'Paulo Cintura',...</msg>
<var>${data}</var>
<arg>${EXECDIR}/resources/fixtures/${file_name}.json</arg>
<arg>encoding=utf-8</arg>
<doc>Load JSON from file.</doc>
<status status="PASS" start="2024-11-08T08:39:13.859974" elapsed="0.000000"/>
</kw>
<return>
<value>${data}[${scenario}]</value>
<status status="PASS" start="2024-11-08T08:39:13.859974" elapsed="0.000000"/>
</return>
<msg time="2024-11-08T08:39:13.860973" level="INFO">${data} = {'account': {'name': 'Erinete Matos', 'email': 'erinete@matos.com.br', 'cpf': '26395623044'}, 'plan': 'Plano Smart', 'credit_card': {'number': '4242424242424242', 'holder': 'Erinete Matos', 'month': '...</msg>
<var>${data}</var>
<arg>memberships</arg>
<arg>duplicate</arg>
<status status="PASS" start="2024-11-08T08:39:13.859974" elapsed="0.000999"/>
</kw>
<kw name="Delete Account By Email" owner="Database">
<arg>${data}[account][email]</arg>
<status status="PASS" start="2024-11-08T08:39:13.860973" elapsed="0.010384"/>
</kw>
<kw name="Insert Account" owner="Database">
<arg>${data}[account]</arg>
<status status="PASS" start="2024-11-08T08:39:13.871357" elapsed="0.009010"/>
</kw>
<kw name="SignIn admin" owner="Base">
<kw name="Go to login page" owner="Login">
<kw name="Go To" owner="Browser">
<msg time="2024-11-08T08:39:13.921430" level="INFO">Successfully opened URL http://localhost:3000/login</msg>
<arg>http://localhost:3000/login</arg>
<tag>BrowserControl</tag>
<tag>Setter</tag>
<doc>Navigates to the given ``url``.</doc>
<status status="PASS" start="2024-11-08T08:39:13.881369" elapsed="0.040061"/>
</kw>
<status status="PASS" start="2024-11-08T08:39:13.881369" elapsed="0.040061"/>
</kw>
<kw name="Submit login form" owner="Login">
<kw name="Fill Text" owner="Browser">
<msg time="2024-11-08T08:39:13.922428" level="INFO">Fills the text 'sac@smartbit.com' in the given field.</msg>
<arg>css=input[name=email]</arg>
<arg>${email}</arg>
<tag>PageContent</tag>
<tag>Setter</tag>
<doc>Clears and fills the given ``txt`` into the text field found by ``selector``.</doc>
<status status="PASS" start="2024-11-08T08:39:13.922428" elapsed="0.021548"/>
</kw>
<kw name="Fill Text" owner="Browser">
<msg time="2024-11-08T08:39:13.945489" level="INFO">Fills the text 'pwd123' in the given field.</msg>
<arg>css=input[type=password]</arg>
<arg>${password}</arg>
<tag>PageContent</tag>
<tag>Setter</tag>
<doc>Clears and fills the given ``txt`` into the text field found by ``selector``.</doc>
<status status="PASS" start="2024-11-08T08:39:13.945489" elapsed="0.007003"/>
</kw>
<kw name="Click" owner="Browser">
<msg time="2024-11-08T08:39:13.953492" level="INFO">Clicks the element 'css=button &gt;&gt; text=Entrar'.</msg>
<arg>css=button &gt;&gt; text=Entrar</arg>
<tag>PageContent</tag>
<tag>Setter</tag>
<doc>Simulates mouse click on the element found by ``selector``.</doc>
<status status="PASS" start="2024-11-08T08:39:13.952492" elapsed="0.020023"/>
</kw>
<arg>${ADMIN_EMAIL}</arg>
<arg>${ADMIN_PASS}</arg>
<status status="PASS" start="2024-11-08T08:39:13.922428" elapsed="0.050087"/>
</kw>
<kw name="User is logged" owner="Navbar">
<kw name="Set Variable" owner="BuiltIn">
<msg time="2024-11-08T08:39:13.973515" level="INFO">${element} = css=.logged-user</msg>
<var>${element}</var>
<arg>css=.logged-user</arg>
<doc>Returns the given values which can then be assigned to a variables.</doc>
<status status="PASS" start="2024-11-08T08:39:13.973515" elapsed="0.000000"/>
</kw>
<kw name="Wait For Elements State" owner="Browser">
<msg time="2024-11-08T08:39:15.317060" level="INFO">Waited for Element with selector css=.logged-user at state visible</msg>
<arg>${element}</arg>
<arg>visible</arg>
<arg>5</arg>
<tag>PageContent</tag>
<tag>Wait</tag>
<doc>Waits for the element found by ``selector`` to satisfy state option.</doc>
<status status="PASS" start="2024-11-08T08:39:13.973515" elapsed="1.343545"/>
</kw>
<kw name="Get Text" owner="Browser">
<msg time="2024-11-08T08:39:15.336094" level="INFO">Text: 'sac@smartbit.com'</msg>
<arg>${element}</arg>
<arg>equal</arg>
<arg>${email}</arg>
<tag>Assertion</tag>
<tag>Getter</tag>
<tag>PageContent</tag>
<doc>Returns text attribute of the element found by ``selector``.</doc>
<status status="PASS" start="2024-11-08T08:39:15.318060" elapsed="0.018034"/>
</kw>
<arg>${ADMIN_EMAIL}</arg>
<status status="PASS" start="2024-11-08T08:39:13.972515" elapsed="1.363579"/>
</kw>
<status status="PASS" start="2024-11-08T08:39:13.881369" elapsed="1.454725"/>
</kw>
<kw name="Go to memberships" owner="Navbar">
<kw name="Click" owner="Browser">
<msg time="2024-11-08T08:39:15.336094" level="INFO">Clicks the element 'css=a[href="/memberships"]'.</msg>
<arg>css=a[href="/memberships"]</arg>
<tag>PageContent</tag>
<tag>Setter</tag>
<doc>Simulates mouse click on the element found by ``selector``.</doc>
<status status="PASS" start="2024-11-08T08:39:15.336094" elapsed="0.019529"/>
</kw>
<kw name="Wait For Elements State" owner="Browser">
<msg time="2024-11-08T08:39:15.369138" level="INFO">Waited for Element with selector css=h1 &gt;&gt; text=Matrículas at state visible</msg>
<arg>css=h1 &gt;&gt; text=Matrículas</arg>
<arg>visible</arg>
<arg>5</arg>
<tag>PageContent</tag>
<tag>Wait</tag>
<doc>Waits for the element found by ``selector`` to satisfy state option.</doc>
<status status="PASS" start="2024-11-08T08:39:15.355623" elapsed="0.013515"/>
</kw>
<status status="PASS" start="2024-11-08T08:39:15.336094" elapsed="0.034045"/>
</kw>
<kw name="Create new membership" owner="Memberships">
<kw name="Go to memberships form" owner="Memberships">
<kw name="Click" owner="Browser">
<msg time="2024-11-08T08:39:15.370139" level="INFO">Clicks the element 'css=[href="/memberships/new"]'.</msg>
<arg>css=[href="/memberships/new"]</arg>
<tag>PageContent</tag>
<tag>Setter</tag>
<doc>Simulates mouse click on the element found by ``selector``.</doc>
<status status="PASS" start="2024-11-08T08:39:15.370139" elapsed="0.031041"/>
</kw>
<kw name="Wait For Elements State" owner="Browser">
<msg time="2024-11-08T08:39:15.411689" level="INFO">Waited for Element with selector css=h1 &gt;&gt; text=Nova matrícula at state visible</msg>
<arg>css=h1 &gt;&gt; text=Nova matrícula</arg>
<arg>visible</arg>
<arg>5</arg>
<tag>PageContent</tag>
<tag>Wait</tag>
<doc>Waits for the element found by ``selector`` to satisfy state option.</doc>
<status status="PASS" start="2024-11-08T08:39:15.401180" elapsed="0.010509"/>
</kw>
<status status="PASS" start="2024-11-08T08:39:15.370139" elapsed="0.041550"/>
</kw>
<kw name="Select account" owner="Memberships">
<kw name="Fill Text" owner="Browser">
<msg time="2024-11-08T08:39:15.412689" level="INFO">Fills the text 'Erinete Matos' in the given field.</msg>
<arg>css=input[aria-label=select_account]</arg>
<arg>${name}</arg>
<tag>PageContent</tag>
<tag>Setter</tag>
<doc>Clears and fills the given ``txt`` into the text field found by ``selector``.</doc>
<status status="PASS" start="2024-11-08T08:39:15.412689" elapsed="0.012153"/>
</kw>
<kw name="Click" owner="Browser">
<msg time="2024-11-08T08:39:15.424842" level="INFO">Clicks the element 'css=[data-testid="26395623044"]'.</msg>
<arg>css=[data-testid="${cpf}"]</arg>
<tag>PageContent</tag>
<tag>Setter</tag>
<doc>Simulates mouse click on the element found by ``selector``.</doc>
<status status="PASS" start="2024-11-08T08:39:15.424842" elapsed="0.045629"/>
</kw>
<arg>${data}[account][name]</arg>
<arg>${data}[account][cpf]</arg>
<status status="PASS" start="2024-11-08T08:39:15.411689" elapsed="0.058782"/>
</kw>
<kw name="Select plan" owner="Memberships">
<kw name="Fill Text" owner="Browser">
<msg time="2024-11-08T08:39:15.471471" level="INFO">Fills the text 'Plano Smart' in the given field.</msg>
<arg>css=input[aria-label=select_plan]</arg>
<arg>${plan_name}</arg>
<tag>PageContent</tag>
<tag>Setter</tag>
<doc>Clears and fills the given ``txt`` into the text field found by ``selector``.</doc>
<status status="PASS" start="2024-11-08T08:39:15.471471" elapsed="0.009012"/>
</kw>
<kw name="Click" owner="Browser">
<msg time="2024-11-08T08:39:15.481987" level="INFO">Clicks the element 'css=div[class$=option] &gt;&gt; text=Plano Smart'.</msg>
<arg>css=div[class$=option] &gt;&gt; text=${plan_name}</arg>
<tag>PageContent</tag>
<tag>Setter</tag>
<doc>Simulates mouse click on the element found by ``selector``.</doc>
<status status="PASS" start="2024-11-08T08:39:15.480483" elapsed="0.017039"/>
</kw>
<arg>${data}[plan]</arg>
<status status="PASS" start="2024-11-08T08:39:15.471471" elapsed="0.026051"/>
</kw>
<kw name="Fill payment card" owner="Memberships">
<kw name="Fill Text" owner="Browser">
<msg time="2024-11-08T08:39:15.498522" level="INFO">Fills the text '4242424242424242' in the given field.</msg>
<arg>css=input[name=card_number]</arg>
<arg>${credit_card}[number]</arg>
<tag>PageContent</tag>
<tag>Setter</tag>
<doc>Clears and fills the given ``txt`` into the text field found by ``selector``.</doc>
<status status="PASS" start="2024-11-08T08:39:15.498522" elapsed="0.007506"/>
</kw>
<kw name="Fill Text" owner="Browser">
<msg time="2024-11-08T08:39:15.506028" level="INFO">Fills the text 'Erinete Matos' in the given field.</msg>
<arg>css=input[name=card_holder]</arg>
<arg>${credit_card}[holder]</arg>
<tag>PageContent</tag>
<tag>Setter</tag>
<doc>Clears and fills the given ``txt`` into the text field found by ``selector``.</doc>
<status status="PASS" start="2024-11-08T08:39:15.506028" elapsed="0.007518"/>
</kw>
<kw name="Fill Text" owner="Browser">
<msg time="2024-11-08T08:39:15.513546" level="INFO">Fills the text '12' in the given field.</msg>
<arg>css=input[name=card_month]</arg>
<arg>${credit_card}[month]</arg>
<tag>PageContent</tag>
<tag>Setter</tag>
<doc>Clears and fills the given ``txt`` into the text field found by ``selector``.</doc>
<status status="PASS" start="2024-11-08T08:39:15.513546" elapsed="0.010039"/>
</kw>
<kw name="Fill Text" owner="Browser">
<msg time="2024-11-08T08:39:15.524589" level="INFO">Fills the text '2030' in the given field.</msg>
<arg>css=input[name=card_year]</arg>
<arg>${credit_card}[year]</arg>
<tag>PageContent</tag>
<tag>Setter</tag>
<doc>Clears and fills the given ``txt`` into the text field found by ``selector``.</doc>
<status status="PASS" start="2024-11-08T08:39:15.523585" elapsed="0.008533"/>
</kw>
<kw name="Fill Text" owner="Browser">
<msg time="2024-11-08T08:39:15.532118" level="INFO">Fills the text '123' in the given field.</msg>
<arg>css=input[name=card_cvv]</arg>
<arg>${credit_card}[cvv]</arg>
<tag>PageContent</tag>
<tag>Setter</tag>
<doc>Clears and fills the given ``txt`` into the text field found by ``selector``.</doc>
<status status="PASS" start="2024-11-08T08:39:15.532118" elapsed="0.006554"/>
</kw>
<arg>${data}[credit_card]</arg>
<status status="PASS" start="2024-11-08T08:39:15.498522" elapsed="0.041150"/>
</kw>
<kw name="Click" owner="Browser">
<msg time="2024-11-08T08:39:15.539672" level="INFO">Clicks the element 'css=button[type=submit] &gt;&gt; text=Cadastrar'.</msg>
<arg>css=button[type=submit] &gt;&gt; text=Cadastrar</arg>
<tag>PageContent</tag>
<tag>Setter</tag>
<doc>Simulates mouse click on the element found by ``selector``.</doc>
<status status="PASS" start="2024-11-08T08:39:15.539672" elapsed="0.021021"/>
</kw>
<arg>${data}</arg>
<status status="PASS" start="2024-11-08T08:39:15.370139" elapsed="0.190554"/>
</kw>
<kw name="Sleep" owner="BuiltIn">
<msg time="2024-11-08T08:39:22.561944" level="INFO">Slept 7 seconds.</msg>
<arg>7</arg>
<doc>Pauses the test executed for the given time.</doc>
<status status="PASS" start="2024-11-08T08:39:15.561693" elapsed="7.000251"/>
</kw>
<kw name="Create new membership" owner="Memberships">
<kw name="Go to memberships form" owner="Memberships">
<kw name="Click" owner="Browser">
<msg time="2024-11-08T08:39:22.562950" level="INFO">Clicks the element 'css=[href="/memberships/new"]'.</msg>
<arg>css=[href="/memberships/new"]</arg>
<tag>PageContent</tag>
<tag>Setter</tag>
<doc>Simulates mouse click on the element found by ``selector``.</doc>
<status status="PASS" start="2024-11-08T08:39:22.562950" elapsed="0.032489"/>
</kw>
<kw name="Wait For Elements State" owner="Browser">
<msg time="2024-11-08T08:39:22.605456" level="INFO">Waited for Element with selector css=h1 &gt;&gt; text=Nova matrícula at state visible</msg>
<arg>css=h1 &gt;&gt; text=Nova matrícula</arg>
<arg>visible</arg>
<arg>5</arg>
<tag>PageContent</tag>
<tag>Wait</tag>
<doc>Waits for the element found by ``selector`` to satisfy state option.</doc>
<status status="PASS" start="2024-11-08T08:39:22.596946" elapsed="0.008510"/>
</kw>
<status status="PASS" start="2024-11-08T08:39:22.562950" elapsed="0.042506"/>
</kw>
<kw name="Select account" owner="Memberships">
<kw name="Fill Text" owner="Browser">
<msg time="2024-11-08T08:39:22.606456" level="INFO">Fills the text 'Erinete Matos' in the given field.</msg>
<arg>css=input[aria-label=select_account]</arg>
<arg>${name}</arg>
<tag>PageContent</tag>
<tag>Setter</tag>
<doc>Clears and fills the given ``txt`` into the text field found by ``selector``.</doc>
<status status="PASS" start="2024-11-08T08:39:22.606456" elapsed="0.008011"/>
</kw>
<kw name="Click" owner="Browser">
<msg time="2024-11-08T08:39:22.614467" level="INFO">Clicks the element 'css=[data-testid="26395623044"]'.</msg>
<arg>css=[data-testid="${cpf}"]</arg>
<tag>PageContent</tag>
<tag>Setter</tag>
<doc>Simulates mouse click on the element found by ``selector``.</doc>
<status status="PASS" start="2024-11-08T08:39:22.614467" elapsed="0.022050"/>
</kw>
<arg>${data}[account][name]</arg>
<arg>${data}[account][cpf]</arg>
<status status="PASS" start="2024-11-08T08:39:22.606456" elapsed="0.031060"/>
</kw>
<kw name="Select plan" owner="Memberships">
<kw name="Fill Text" owner="Browser">
<msg time="2024-11-08T08:39:22.637516" level="INFO">Fills the text 'Plano Smart' in the given field.</msg>
<arg>css=input[aria-label=select_plan]</arg>
<arg>${plan_name}</arg>
<tag>PageContent</tag>
<tag>Setter</tag>
<doc>Clears and fills the given ``txt`` into the text field found by ``selector``.</doc>
<status status="PASS" start="2024-11-08T08:39:22.637516" elapsed="0.010514"/>
</kw>
<kw name="Click" owner="Browser">
<msg time="2024-11-08T08:39:22.648030" level="INFO">Clicks the element 'css=div[class$=option] &gt;&gt; text=Plano Smart'.</msg>
<arg>css=div[class$=option] &gt;&gt; text=${plan_name}</arg>
<tag>PageContent</tag>
<tag>Setter</tag>
<doc>Simulates mouse click on the element found by ``selector``.</doc>
<status status="PASS" start="2024-11-08T08:39:22.648030" elapsed="0.017027"/>
</kw>
<arg>${data}[plan]</arg>
<status status="PASS" start="2024-11-08T08:39:22.637516" elapsed="0.027541"/>
</kw>
<kw name="Fill payment card" owner="Memberships">
<kw name="Fill Text" owner="Browser">
<msg time="2024-11-08T08:39:22.665057" level="INFO">Fills the text '4242424242424242' in the given field.</msg>
<arg>css=input[name=card_number]</arg>
<arg>${credit_card}[number]</arg>
<tag>PageContent</tag>
<tag>Setter</tag>
<doc>Clears and fills the given ``txt`` into the text field found by ``selector``.</doc>
<status status="PASS" start="2024-11-08T08:39:22.665057" elapsed="0.008507"/>
</kw>
<kw name="Fill Text" owner="Browser">
<msg time="2024-11-08T08:39:22.673564" level="INFO">Fills the text 'Erinete Matos' in the given field.</msg>
<arg>css=input[name=card_holder]</arg>
<arg>${credit_card}[holder]</arg>
<tag>PageContent</tag>
<tag>Setter</tag>
<doc>Clears and fills the given ``txt`` into the text field found by ``selector``.</doc>
<status status="PASS" start="2024-11-08T08:39:22.673564" elapsed="0.007007"/>
</kw>
<kw name="Fill Text" owner="Browser">
<msg time="2024-11-08T08:39:22.681571" level="INFO">Fills the text '12' in the given field.</msg>
<arg>css=input[name=card_month]</arg>
<arg>${credit_card}[month]</arg>
<tag>PageContent</tag>
<tag>Setter</tag>
<doc>Clears and fills the given ``txt`` into the text field found by ``selector``.</doc>
<status status="PASS" start="2024-11-08T08:39:22.680571" elapsed="0.007009"/>
</kw>
<kw name="Fill Text" owner="Browser">
<msg time="2024-11-08T08:39:22.688580" level="INFO">Fills the text '2030' in the given field.</msg>
<arg>css=input[name=card_year]</arg>
<arg>${credit_card}[year]</arg>
<tag>PageContent</tag>
<tag>Setter</tag>
<doc>Clears and fills the given ``txt`` into the text field found by ``selector``.</doc>
<status status="PASS" start="2024-11-08T08:39:22.687580" elapsed="0.006012"/>
</kw>
<kw name="Fill Text" owner="Browser">
<msg time="2024-11-08T08:39:22.694596" level="INFO">Fills the text '123' in the given field.</msg>
<arg>css=input[name=card_cvv]</arg>
<arg>${credit_card}[cvv]</arg>
<tag>PageContent</tag>
<tag>Setter</tag>
<doc>Clears and fills the given ``txt`` into the text field found by ``selector``.</doc>
<status status="PASS" start="2024-11-08T08:39:22.694596" elapsed="0.007005"/>
</kw>
<arg>${data}[credit_card]</arg>
<status status="PASS" start="2024-11-08T08:39:22.665057" elapsed="0.036544"/>
</kw>
<kw name="Click" owner="Browser">
<msg time="2024-11-08T08:39:22.701601" level="INFO">Clicks the element 'css=button[type=submit] &gt;&gt; text=Cadastrar'.</msg>
<arg>css=button[type=submit] &gt;&gt; text=Cadastrar</arg>
<tag>PageContent</tag>
<tag>Setter</tag>
<doc>Simulates mouse click on the element found by ``selector``.</doc>
<status status="PASS" start="2024-11-08T08:39:22.701601" elapsed="0.014525"/>
</kw>
<arg>${data}</arg>
<status status="PASS" start="2024-11-08T08:39:22.561944" elapsed="0.154182"/>
</kw>
<kw name="Toast should be" owner="Toast">
<kw name="Set Variable" owner="BuiltIn">
<msg time="2024-11-08T08:39:22.717126" level="INFO">${selector} = .Toastify__toast-body</msg>
<var>${selector}</var>
<arg>.Toastify__toast-body</arg>
<doc>Returns the given values which can then be assigned to a variables.</doc>
<status status="PASS" start="2024-11-08T08:39:22.717126" elapsed="0.000000"/>
</kw>
<kw name="Wait For Elements State" owner="Browser">
<msg time="2024-11-08T08:39:22.753781" level="INFO">Waited for Element with selector css=.Toastify__toast-body at state visible</msg>
<arg>css=${selector}</arg>
<arg>visible</arg>
<arg>3</arg>
<tag>PageContent</tag>
<tag>Wait</tag>
<doc>Waits for the element found by ``selector`` to satisfy state option.</doc>
<status status="PASS" start="2024-11-08T08:39:22.717126" elapsed="0.036655"/>
</kw>
<kw name="Get Text" owner="Browser">
<msg time="2024-11-08T08:39:22.762790" level="INFO">Text: 'O usuário já possui matrícula.'</msg>
<arg>css=${selector}</arg>
<arg>equal</arg>
<arg>${expected_text}</arg>
<tag>Assertion</tag>
<tag>Getter</tag>
<tag>PageContent</tag>
<doc>Returns text attribute of the element found by ``selector``.</doc>
<status status="PASS" start="2024-11-08T08:39:22.753781" elapsed="0.009009"/>
</kw>
<kw name="Take Screenshot" owner="Browser">
<msg time="2024-11-08T08:39:23.584573" level="INFO" html="true">&lt;/td&gt;&lt;/tr&gt;&lt;tr&gt;&lt;td colspan="3"&gt;&lt;a href="browser/screenshot/robotframework-browser-screenshot-1.png" target="_blank"&gt;&lt;img src="browser/screenshot/robotframework-browser-screenshot-1.png" width="800px"/&gt;&lt;/a&gt;</msg>
<arg>selector=${selector}</arg>
<tag>PageContent</tag>
<doc>Takes a screenshot of the current window or element and saves it to disk.</doc>
<status status="PASS" start="2024-11-08T08:39:22.762790" elapsed="0.821783"/>
</kw>
<arg>O usuário já possui matrícula.</arg>
<status status="PASS" start="2024-11-08T08:39:22.717126" elapsed="0.867447"/>
</kw>
<kw name="Take Screenshot" owner="Browser" type="TEARDOWN">
<msg time="2024-11-08T08:39:23.635757" level="INFO" html="true">&lt;/td&gt;&lt;/tr&gt;&lt;tr&gt;&lt;td colspan="3"&gt;&lt;a href="browser/screenshot/robotframework-browser-screenshot-2.png" target="_blank"&gt;&lt;img src="browser/screenshot/robotframework-browser-screenshot-2.png" width="800px"/&gt;&lt;/a&gt;</msg>
<tag>PageContent</tag>
<doc>Takes a screenshot of the current window or element and saves it to disk.</doc>
<status status="PASS" start="2024-11-08T08:39:23.584573" elapsed="0.051184"/>
</kw>
<tag>dup</tag>
<status status="PASS" start="2024-11-08T08:39:11.931478" elapsed="11.705782"/>
</test>
<doc>Suite de testes de adesões de planos</doc>
<status status="PASS" start="2024-11-08T08:39:11.475023" elapsed="12.205407"/>
</suite>
<statistics>
<total>
<stat pass="1" fail="0" skip="0">All Tests</stat>
</total>
<tag>
<stat pass="1" fail="0" skip="0">dup</stat>
</tag>
<suite>
<stat pass="1" fail="0" skip="0" id="s1" name="Memberships">Memberships</stat>
</suite>
</statistics>
<errors>
</errors>
</robot>
