<?xml version="1.0" encoding="UTF-8"?>
<robot generator="Robot 7.1.1 (Python 3.12.7 on win32)" generated="2024-11-07T07:34:39.923663" rpa="false" schemaversion="5">
<suite id="s1" name="Signup" source="I:\Programação\QAx\projects\robot-smartbit\tests\signup.robot">
<test id="s1-t1" name="Deve iniciar o cadastro do cliente" line="10">
<kw name="Start Session" owner="Base" type="SETUP">
<kw name="New Browser" owner="Browser">
<msg time="2024-11-07T07:34:40.223700" level="INFO">{"browser": "chromium", "headless": false, "chromiumSandbox": false, "devtools": false, "handleSIGHUP": true, "handleSIGINT": true, "handleSIGTERM": true, "slowMo": 0.0, "timeout": 30000.0, "tracesDir": "I:\\Programa\u00e7\u00e3o\\QAx\\projects\\robot-smartbit\\logs\\browser\\traces\\6e30350a-d35c-425e-a81d-1efc77e4d173"}</msg>
<msg time="2024-11-07T07:34:40.237709" level="INFO">Starting Browser process C:\Users\Marcílio Junio\AppData\Local\Programs\Python\Python312\Lib\site-packages\Browser\wrapper\index.js using port 55294</msg>
<msg time="2024-11-07T07:34:40.237709" level="INFO">Node startup parameters: ['node', 'C:\\Users\\Marcílio Junio\\AppData\\Local\\Programs\\Python\\Python312\\Lib\\site-packages\\Browser\\wrapper\\index.js', '55294']</msg>
<msg time="2024-11-07T07:34:41.294699" level="INFO">Successfully created browser with options: {"browser":"chromium","headless":false,"chromiumSandbox":false,"devtools":false,"handleSIGHUP":true,"handleSIGINT":true,"handleSIGTERM":true,"slowMo":0,"timeout":30000,"tracesDir":"I:\\Programação\\QAx\\projects\\robot-smartbit\\logs\\browser\\traces\\6e30350a-d35c-425e-a81d-1efc77e4d173"}</msg>
<arg>browser=chromium</arg>
<arg>headless=false</arg>
<tag>BrowserControl</tag>
<tag>Setter</tag>
<doc>Create a new playwright Browser with specified options.</doc>
<status status="PASS" start="2024-11-07T07:34:40.222700" elapsed="1.071999"/>
</kw>
<kw name="New Page" owner="Browser">
<msg time="2024-11-07T07:34:41.858624" level="INFO">Successfully initialized new page object and opened url: http://localhost:3000/</msg>
<msg time="2024-11-07T07:34:41.858624" level="INFO">No context was open. New context was automatically opened when this page is created.</msg>
<arg>http://localhost:3000/</arg>
<tag>BrowserControl</tag>
<tag>Setter</tag>
<doc>Open a new Page.</doc>
<status status="PASS" start="2024-11-07T07:34:41.295202" elapsed="0.563422"/>
</kw>
<status status="PASS" start="2024-11-07T07:34:40.222700" elapsed="1.635924"/>
</kw>
<kw name="Create Dictionary" owner="BuiltIn">
<msg time="2024-11-07T07:34:41.858624" level="INFO">${account} = {'name': 'Marcilio Junio', 'email': 'marciliojunio@teste.com', 'cpf': '17393873095'}</msg>
<var>${account}</var>
<arg>name=Marcilio Junio</arg>
<arg>email=marciliojunio@teste.com</arg>
<arg>cpf=17393873095</arg>
<doc>Creates and returns a dictionary based on the given ``items``.</doc>
<status status="PASS" start="2024-11-07T07:34:41.858624" elapsed="0.000000"/>
</kw>
<kw name="Delete Account By Email" owner="Database">
<arg>${account}[email]</arg>
<status status="PASS" start="2024-11-07T07:34:41.858624" elapsed="0.012007"/>
</kw>
<kw name="Submit signup form" owner="Landing">
<kw name="Get Text" owner="Browser">
<msg time="2024-11-07T07:34:41.909169" level="INFO">Text: 'Faça seu cadastro e venha para a Smartbit!'</msg>
<arg>css=#signup h2</arg>
<arg>equal</arg>
<arg>Faça seu cadastro e venha para a Smartbit!</arg>
<tag>Assertion</tag>
<tag>Getter</tag>
<tag>PageContent</tag>
<doc>Returns text attribute of the element found by ``selector``.</doc>
<status status="PASS" start="2024-11-07T07:34:41.870631" elapsed="0.038538"/>
</kw>
<kw name="Fill Text" owner="Browser">
<msg time="2024-11-07T07:34:41.910168" level="INFO">Fills the text 'Marcilio Junio' in the given field.</msg>
<arg>id=name</arg>
<arg>${account}[name]</arg>
<tag>PageContent</tag>
<tag>Setter</tag>
<doc>Clears and fills the given ``txt`` into the text field found by ``selector``.</doc>
<status status="PASS" start="2024-11-07T07:34:41.910168" elapsed="0.009508"/>
</kw>
<kw name="Fill Text" owner="Browser">
<msg time="2024-11-07T07:34:41.919676" level="INFO">Fills the text 'marciliojunio@teste.com' in the given field.</msg>
<arg>id=email</arg>
<arg>${account}[email]</arg>
<tag>PageContent</tag>
<tag>Setter</tag>
<doc>Clears and fills the given ``txt`` into the text field found by ``selector``.</doc>
<status status="PASS" start="2024-11-07T07:34:41.919676" elapsed="0.009506"/>
</kw>
<kw name="Fill Text" owner="Browser">
<msg time="2024-11-07T07:34:41.930182" level="INFO">Fills the text '17393873095' in the given field.</msg>
<arg>id=cpf</arg>
<arg>${account}[cpf]</arg>
<tag>PageContent</tag>
<tag>Setter</tag>
<doc>Clears and fills the given ``txt`` into the text field found by ``selector``.</doc>
<status status="PASS" start="2024-11-07T07:34:41.930182" elapsed="0.007509"/>
</kw>
<kw name="Click" owner="Browser">
<msg time="2024-11-07T07:34:41.938692" level="INFO">Clicks the element 'css=button &gt;&gt; text=Cadastrar'.</msg>
<arg>css=button &gt;&gt; text=Cadastrar</arg>
<tag>PageContent</tag>
<tag>Setter</tag>
<doc>Simulates mouse click on the element found by ``selector``.</doc>
<status status="PASS" start="2024-11-07T07:34:41.937691" elapsed="0.034102"/>
</kw>
<arg>${account}</arg>
<status status="PASS" start="2024-11-07T07:34:41.870631" elapsed="0.101162"/>
</kw>
<kw name="Verify welcome message" owner="Welcome">
<kw name="Wait For Elements State" owner="Browser">
<msg time="2024-11-07T07:34:44.331495" level="INFO">Waited for Element with selector text=Falta pouco para fazer parte da família Smartbit! at state visible</msg>
<arg>text=Falta pouco para fazer parte da família Smartbit!</arg>
<arg>visible</arg>
<arg>5</arg>
<tag>PageContent</tag>
<tag>Wait</tag>
<doc>Waits for the element found by ``selector`` to satisfy state option.</doc>
<status status="PASS" start="2024-11-07T07:34:41.971793" elapsed="2.359702"/>
</kw>
<status status="PASS" start="2024-11-07T07:34:41.971793" elapsed="2.360702"/>
</kw>
<kw name="Take Screenshot" owner="Browser" type="TEARDOWN">
<msg time="2024-11-07T07:34:44.386627" level="INFO" html="true">&lt;/td&gt;&lt;/tr&gt;&lt;tr&gt;&lt;td colspan="3"&gt;&lt;a href="browser/screenshot/robotframework-browser-screenshot-1.png" target="_blank"&gt;&lt;img src="browser/screenshot/robotframework-browser-screenshot-1.png" width="800px"/&gt;&lt;/a&gt;</msg>
<tag>PageContent</tag>
<doc>Takes a screenshot of the current window or element and saves it to disk.</doc>
<status status="PASS" start="2024-11-07T07:34:44.332495" elapsed="0.054132"/>
</kw>
<tag>smoke</tag>
<status status="PASS" start="2024-11-07T07:34:40.222700" elapsed="4.164927"/>
</test>
<doc>Cenários de testes de pré-cadastro de clientes</doc>
<status status="PASS" start="2024-11-07T07:34:39.923663" elapsed="4.502753"/>
</suite>
<statistics>
<total>
<stat pass="1" fail="0" skip="0">All Tests</stat>
</total>
<tag>
<stat pass="1" fail="0" skip="0">smoke</stat>
</tag>
<suite>
<stat pass="1" fail="0" skip="0" id="s1" name="Signup">Signup</stat>
</suite>
</statistics>
<errors>
</errors>
</robot>
